plc
mbh
mbH
m.b.H.&AMP; CO, KG
m.b.H.& CO, KG
m.b.H.
gGmbH
eGmbh
corp
Technologies
Spa
Sons Co
Sons
Sa
SV
SPA
SARL
SAL
SAC
SA
S.p.A.
S.P.A.
S.A.R.L.
S.A.L.
S.A.C.
S.A.
Pty ltd
Pty
Pte ltd
Plc
PTY LTD
PTE LTD
PT
PP
PN
PLC
PERUM
PERSERO
PERJAN
Oy
OYAB
OY
Nv
Na
NV
NA
N.V.
N.A.
Mfg
MIJ
MBH &AMP; COKG
MBH & COKG
MBH
M.B.H.
Ltd
Lp
Limited
Limitada
LTD
LP
LLC
LDA
L.P.
L.P.
L.L.C.
Kk
Industries
Incorporated
Inc
INC
HVER
HMIG
Gmbh
GmbH
GSC
GMBH &AMP; COKG
GMBH & COKG
GMBH
G.m.b.H.&AMP; CO, KG
G.m.b.H.& CO, KG
G.m.b.H.
G.S.C.
G.M.B.H.
EGMBH
Cos.
Cos
Corporation
Corp.
Corp
Cooperative
Coop
Company
Compagnie
Société
Societe
Co-operative
Co-op
Co
CV
CPORA
COS
CORP
CO
CDERL
C.V.
C.por A.
C.de R.L.
Bv
Brothers
Bros.
Bhd
BV
BHD
B.V.
Ay
Associates
Ag
Ab
AY
ASSOCIATES
AMBA
AG &AMP; Co KG
AG &AMP; COKG
AG & Co KG
AG & COKG
AG
AENP
AB
A/S
A/L
A.G.
A.B.