WAKAMATSU

WALLIS 

WARSAW

WASHINGTON

WATSON LAKE

WAUSAU

WEISBADEN

WELLINGTON

WELLS

WENATCHEE

WENDOVER

WEST PALM BEACH

WEST POINT

WESTCHESTER COUNTY

WEVOK

WHITEHORSE

WHITTIER

WICHITA

WICHITA FALLS

WIESBADEN

WILKES-BARRE

WILLEMSTAD

WILLIAMSBURG

WILLOW

WILLOW RUN

WILMINGTON

WILSON

WINDHOEK

WINDSOR

WINNIPEG

WINSTON-SALEM

WOOLWICH

WRANGELL

WUHAN

XIAMEN

XIAN

YUMA

YAKIMA

YAKUTAT

YAMAGATA

YANAN

YANGON

YANTAI

YAOUNDE

YAP CAROLINE ISLAND

YAREN

YELLOWKNIFE

YEREVAN

YINCHUANG

YOKKAICHI

YOKOHAMA

YOKOSUKA

YORK

YUMA

YURIMAGUAS

YUZHNO-SAKHALINSK

ZACATECAS

ZAGREB

ZAHEDAN

ZARAGOZA

ZEEBRUGGE

ZHANJIANG

ZHENGZHOU

ZIHUATANEJO

ZORG EN HOOP

ZORG EN HOOP

ZURICH

