Wausau

Weisbaden

Wellington

Wells

Wenatchee

Wendover

West Palm Beach

West Point

Westchester County

Wevok

Whitehorse

Whittier

Wichita

Wichita Falls

Wiesbaden

Wilkes - Barre

Willemstad

Williamsburg

Willow

Willow Run

Wilmington

Wilson

Windhoek

Windsor

Winnipeg

Winston - Salem

Woolwich

Wrangell

Wuhan

Xiamen

Xian

YUMA

Yakima

Yakutat

Yamagata

Yanan

Yangon

Yantai

Yaounde

Yap Caroline Island

Yaren

Yellowknife

Yerevan

Yinchuang

Yokkaichi

Yokohama

Yokosuka

York

Yuma

Yurimaguas

Yuzhno - Sakhalinsk

Zacatecas

Zagreb

Zahedan

Zaragoza

Zeebrugge

Zhanjiang

Zhengzhou

Zihuatanejo

Zorg En Hoop

Zorg en Hoop

Zurich

