flurazépam
fluticasone
fluvastatin
fortalgesic
fosamax
fosinopril
freebase
freebase
furosemide
gamma hydroxy butyrate
gay men´s drug
glipizide
glorie du matin
glucophage
glucotrol xl
glutethimide
glyburide
granular heroin
grass
h
habit forming drugs
hail
halazepam
halcion
halcion upjohn
hallucinogen
hallucinogenic alkaloide
hallucinogenic cactus
hallucinogenic coctail
hallucinogenic mixture
hallucinogenic mushroom
hallucinogenic plant
hallucinogenic powder
hallucinogenic preparation
hallucinogenic seeds
hallucinogenic snuff
hallucinogenic substance
hallucinogenic tea
hallucinogèn
haschich
haschisch
haschisch
haschish
hash
hash
hash bar
hash dose
hash mixture
hash oil
hash pill
hash powder
hash subsitute
hash sweets
hash tea
hashish
hc1
head drug
hemp
hemp plant
herb
herbal ecstacy
herbe
heroin
heroin base
heroin capsule
heroin cargo
heroin hydrochloride
heroin injection
heroin mixture
heroin packet
heroin pill
heroin preparation
heroin product
heroin sachet
heroin tincture
homegrown
horse
hot heroin
huile de hasch
human insulin
human insulin-nph
humulin
humulin n
humulin r
hydriotic acid
hydrochloric acid
hydrochloride
hydrochlorothiazid
hydrochlorothiazide
hydrocodone
hydrocodone w/apap
hydrocodone/apap
hydrogen peroxide
hydromorphine
hydromorphone
hydronorphinol
hydrophonic
hydroxilamine
hydroxytyramine
hyproplaunics
hyproponic mushrooms
hytrin
héro
héroine brune
héroïne
héroïne
ice
illicit drug
imdur
imipramine
indic
inhalant
injectable dose
injectable metadone
injection dose
injection heroin
injection mixture
injection preparation
intoxicant
ipratropium
isobutyl nitrite
isomerzier
isosorbide mononit
joint
junk
karfentanil
kat
kat plant
kat preparation
katin
katinone
kerosene
kerosine
ketalar
ketamine
ketoprofen
khat
khat plant
khat tea
kif
kinin
kinin solution
klobasam
klonitazen
klonopin
kétamine
l-norgestral/etinyl estradiol
l-norgestrel/ethin
lanoxin
lansoprazole
lasix
laudanum
lebanese
lefetamine
legal coca
legal speed
lescol
lethal quantity of heroin
levometadone
levometamfetamin
levothyroxine
levoxyl
librium
librium capsule
librium roche
lidocaine
limitrex
liquid cannabis
liquid ecstacy
liquid x
lisinopril
lo/ovral
lobelia
local grass
lodine
look-alike drugs
lopressor
lorabid
loracarbef
loratadine
loratidine/pseudoe
lorazepam
lormetazepam
losartan
losetrin-fe
lotrisone
lovastatin
love drug
love pill
lsd
lsd
lsd blotter
lsd dose
lsd drink
lsd mixture
lsd pill
lsd preparation
lsd tab
lsd variant
lsd-capsule
lsd-powder
lysergic acid
lysergic acid amide
lysergic acid dietylamide
lysergyredietytamid
magic mushroom
mandrax
mandrax mixture
mandrax pill
maoxixillin
marduuf
marijuana
marijuana
marijuana cigarette
marijuana mixture
marijuana oil
maxibolin
mda
mda
mde
mdea
mdma
mdma
medroxyprogesteron
medroxyprogesterone
meperidin
meperidine
meprobamate
mescal buttons
mescaline
mescaline
mescaline capsule
mescaline pills
mescaline trip
metabolite
metadone
metadone pill
metamphetamine
metformin
meth
methadone
methadone drink
methadone pill
methamphetamine
methamphetamine mix
methamphetamine pill
methamphetamine powder
methaqualone
methcathinone
methedrine
methyl derivate
methyl phenylpropane
methylamine
methylcetylcetone
methyldioxyamphetamine
methylinedioxymethamphetamine
methylphenidate
methylpredinisolone
methylprednisolone
methyltestosterone
metoprolol tartrate
metroprolon tartlate
metylendioximetamfetamin
metylethylacetone
metylfenidate
mexican red
mind-altering substance
mmda
mometasone
mood-altering drug
morferidin
morning glory seeds
moroccan
morphine
morphine
morphine base
morphine derivative
morphine extractor
morphine injection
morphine pill
morphine preparation
morphinesulphat
mupirocin
métamphétamine
méthadone
méthylphénidate
méthédrine
n-etyl mda
n-hydroxamfetamin
nabumetone
nalorphine
nalorphinhydrochlorid
naproxen
narcotic drink
narcotic drug
narcotic pill
narcotic plant
narcotic powder
narcotic preparation
narcotics
narcotics substance
natural hallucinogen
nebutal capsule
nembutal
nembutal injection
nembutane capsule
neomycin/polymx/hc
nepalese
netherweed
neuroleptic drug
niederweit
nifedipine
nitrazepam kabi
nitrazépam
nitro-dur
nitrofurantoin
nitroglycerin
nitrostat
nitrous oxide
nizatidine
nodular
nonbarbiturate sedative
norcodieine
norethindrone
norethindrone/ethinylestradiol
norgestimate/ethinyl estradiol
norgestral/ethinyl estradiol
norgestrel/ethinyl estradiol
norlevofranol
normetadon
normorphine
norpipanone
norvasc	
nutmeg
oaxacan
ofloxacin
olfloxacin
omeprazole
opiacés
opiate
opiate ampoule
opiated hash
opioide
opium
opium
opium balls
opium drink
opium mixture
opium pill
opium poppy
opium preparation
opium smuggling
opium tea
opium tincture
opium wine
opoid
orange barrels
ortho tri-cyclenyll
ortho-cept
ortho-cyclen
ortho-novum
ortho-novum 7/7/7
over the counter drugs
overdose
oxacan-tops
oxaprozin
oxazepam pharbita/bota
oxazépam
oximorfon
oxycodone/apap
oxykodon
painkiller
pakistani black
panama gold
panama red
pangonadalot
panormanix
parabolin
paracetamol
paroxetine
paxil
pcp
pcp
pcp base
pcp capsule
pcp cigarette
pcp derivative
pcp synthesis
pentoxifylline
percodan
peruvian flake
pervitin
pethidine
pethin derivative
petidine
peyote
peyote button
peyote cactus
pharmaceutical amphetamine
pharmaceutical cocaine
pharmaceutical drugs
pharmaceutical phentanyle derivative
pharmaceutical substance
phenacetin
phencyclidine
phencyclidine
phenergan
phenetylline
phenmetrazine
phenobarbital
phenobarbital preparation
phenolftaline
phenomenon
phentanyle
phentanyle derivative
phentermine
phentermine
phenylacetone
phenylacetyl acid
phenytoin
pill
piperidine
piperonal
plant de cannabis
polamidone
pondimin
poor man´s pot
poppy
poppy seed capsule
pot
pot
potassium chloride
potassium cyanide
potassiumpermanganate
poudre
poudre blanche
poudre blanche
pravachol
pravastatin
prazépam
prednisone
preludin
preludin pill
premarin
prempro
prevacid
prilosec
primobolan
principen
prinivil
procardia xl
promethazine
promethazine/codeine
propacet 100
propoxyphene n/apa
propoxyphene-n/apap
propoxyphène
propulsid
proventil aerosol
provilon
prozac
pseudocaine
pseudoepherdrine
psilocin
psilocybe subaeruginosa
psilocybine
psilocybine
psilocybine preparation
psychedelic mushroom
psychoactive drug
psychoactive substances
psycholeptics
psychotrope
psychotropic
psychotropic drug
psychotropic substance
pyribenzamine mixture
quazépam
ramipril
ranitidine
raw coca base
raw marijuana
raw morphin base
raw opium
red Lebanese
relafen
retin-a
risperidone
ritalin
ritalina
ritaline
rohypnol
rohypnol roche
roxicet
russian stickles
salmeterol
secobarbital
seconal
sedative
seed
seed packet
seed-case
sekobarbital
seldane
seldane-d
semelles de haschish
semi-synthetic drugs
sertraline
sex drug
simvastatin
sinsimilla
skunk
smoking heroin
smoking opium
snow
sobril kabi
sodium carbonate
soft drug
solanum
solution for injection
solvent
speed
speed
speed ball
speedball
steroid
stesolid dumex
stesolid novum dumex
stimulant
stimulants
stimulating drug
stimulating substances
stp
stp
street intoxicant
stupéfiant
stupéfiant
stupéfiants
stupéfiants médicaux
substance
substance
sulfuric acid
sulphuric acid
sumatriptan
sumycin
super skunk
super weed
supergrass
supergrass
suprax
synthetic cocaine
synthetic drugs
synthetic hallucinogen
synthetic heroin
synthetic opiate
synthetic psilocybine
synthetic tht
talwin-pyribenzamine mixture
tegretol
temazepam
tenormin
terazol
terazosin
terconazole
terfenadine
terfenadine/pseudoephedrine
tetracycline
tetrahydrocannabinol
thai stick
thc
thc
therobolin
timolol
timoptic
tincture
toprol-xl
toxic substances
tramadol
tranq
tranquilizer
transmittor substance
trental
tretinoin
tri-leven
triamcinolone aerosol
triamterene/hctz
triazolam
triazolam nm pharma
trimeth/sulfameth
trimox
triphasil
triphasilyl estradiol
tropacocaine
trophobolene
tropol-xl
trujillococa
trusopt
tuinal
tuinal capsule
témazépam
uppies
ups
valium novum roche
valium pill
valium roche
valorone
valorone N
vancenase aq
vanceril
venlafaxine
verapamil
verapamil sr
verelan
vesparax
vinylbital
warfarin
washed coca paste
water-soluble LSD
weak drug
weckamine
weed
winstrol v
x
xanax
xanor upjohn
xtc
xtc
xylene
xylocaine
xylole
yage
zantac
zen
zithromax
Ácides sulfurique
Éphedra
Éphédrine
