Zebretta
Yamaha
Triumph
Tomos
Suzuki
Simson
Serveta
Scorpa
Sanyang
RTX
Reliant
Regent
Puch
Piaggio
PGO
Peugeot
Penta
Norton
Neval
MZ
Moto Guzzi
Moto Beno
Moto - Guzzi
Moto - Beno
Moto-Guzzi
Moto-Beno
Morini
Montessa
Minsk
MiG
Mercedes Benz
Mercedes - Benz
Mercedes-Benz
Mercedes
Mecatecno
Matchless
Maico
Laverda
Lanying
Lambretta
KTM
Kawasaki
JCM
Jawa
Jailing
J.C.M.
J. C. M.
J . C . M .
Italjet
Husaberg
Honda
Hesketh
Harley Davidson
Harley
Gilera
Gas Gas
Garelli
Fantic
Famel
Enfield
Easy Rider
Easy - Rider
Easy-Rider
Ducatti
Ducati
Derbi
CZ
CCM
Casal
Cagiva
C.C.M.
C. C. M.
C . C . M .
BSA
BMW
Bimota
Beta
Benelli
Bajaj
Aprilia

