September
Septembre
Sept .
Sept
Sep .
Sep
October
Octobre
Oct .
Oct
November
Novembre
Nov .
Nov
May
March
Mars
Mar .
Mar
Mai
mai
June
Jun .
Jun
Juin
July
Jul .
Jul
Juillet
Jui
Jui .
January
Janvier
Jan .
Jan
February
Fevrier
Fev
Fev .
Feb .
Feb
December
Décembre
Decembre
Dec .
Dec
Autumn
August
Août
Aug .
Aug
April
Avril
Apr .
apr
september
septembre
sept .
sep .
sep
october
octobre
oct .
oct
november
novembre
nov .
nov
may
march
mars
mar .
mar
june
jun .
jun
juin
july
jul .
jul
juillet
jui
jui .
january
janvier
jan .
jan
february
fevrier
fev
fev .
feb .
feb
december
décembre
decembre
dec .
dec
autumn
august
août
aug .
aug
april
avril
apr .
apr