
ADMINISTRATION
AGENCE
AGENCES
AGENCIES
AGENCY
ASSOCIATION
AUTHORITY
AUTORITE
Administration
Agence
Agences
Agency
Association
Authority
Autorité
BANK
BANQUE
BOARD
BROTHERHOOD
BUREAU
Bank
Banque
Board
Brotherhood
Bureau
CAISSE
CATHEDRAL
CENTER
CENTRE
CHURCH
CLINIC
CLINIQUE
COLLEGE
COMMISSION
COMMITTEE
COMMUNITY
CONSEIL
CORPORATION
COUNCIL
Caisse
Cathedral
Center
Centre
Church
Clinic
Clinique
Club
College
Collège
Commission
Committee
Community
Conseil
Corporation
Council
DEPARTEMENT
DEPARTMENT
DIRECTORATE
DIVISION
Department
Directorate
Division
Département
EGLISE
ESTATE
ETAT
Eglise
Estate
Etat
FEDERATION
FOUNDATION
FRIENDS
FUND
Federation
Foundation
Friends
Fund
Fédération
GROUP
GROUPE
GUILD
Group
Groupe
Guild
HOME
HOSPITAL
HOTEL
HOTELS
Home
Hospital
Hotel
Hotels
INSTITUT
INSTITUTE
INSTITUTES
Institut
Institute
Institutes
LABORATOIRE
LABORATOIRES
LABORATORIES
LABORATORY
Laboratoire
Laboratoires
Laboratories
Laboratory
MAGAZINE
MINISTERE
MINISTRY
MUSEE
MUSEUM
Magazine
Ministry
Ministère
Museum
Musèe
OBSERVATOIRE
OBSERVATORY
OFFICE
Observatoire
Observatory
Office
PARTENAIRES
PARTENARIAT
PARTNERS
PARTNERSHIP
PARTY
PLANT
Partenaires
Partenariat
Partners
Partnership
Party
Plant
SCHOOL
SERVICE
SOCIETY
SQUADRON
STATE UNIVERSITY
SUBCOMMITTEE
School
Service
Social Club
Societe
Society
Société
Squadron
State University
Subcommittee
Syndicat
TRUST
Trust
UNION
UNIVERSITY
USINE
Union
University
Université
Usine
WORKERS
Ware
Workers
clinique
community
federation
ministère
state university
syndicat
université
état
