United Nations
UNESCO
UK Atomic Energy Authority
U . N .
Organization of Petroleum Exporting Countries
Organization for Economic Cooperation and Development
OPEC
North Atlantic Treaty Organization
NATO
Japan International Development Organization
Japan Industrial Development Organization
Interpol
General Agreement on Tariffs and Trade
Europol
European Union
European Community
European Communities
Electronics Research and Service Organization
Electronics Research & Service Organization
EU
Association of South East Asian Nations

