CERIDWEN

CERES

CERELLA

CENDRINE

CELVIA

CELLA

CELINEE

CELINE

CELINDE

CELINDA

CELINA

CELIE

CELIA

CELESTYNA

CELESTYN

CELESTINE

CELESTINA

CELESTE

CELESTA

CELENE

CELENA

CELE

CELANDINE

CELADONIA

CEITEAG

CEIT

CECINA

CECILY

CECILIE

CECILIA

CECILE

CECELIA

CECCARELLA

CECCA

CEARA

CAYOYA

CAYE

CAVANNA

CATRIONA

CATRINA

CATRIN

CATRENA

CATLIN

CATLEE

CATIE

CATHY

CATHWG

CATHWEG

CATHRYN

CATHLIN

CATHLEEN

CATHIE

CATHERINE

CATHARINE

CATHARINA

CATH

CATERINA

CATE

CATAVA

CATARINA

CATALINA

CAT

CASTALIA

CASSIE

CASSIA

CASSARAH

CASSANDRE

CASSANDRA

CASIPHIA

CARYS

CARYL

CARSTEN

CARRY

CARROLA

CARROL

CARRIE

CAROON

CARON

CAROLYN

CAROLINE

CAROLINA

CAROLIANA

CAROLA

CAROL

CARO

CARNY

CARNIELA

CARNIA

CARNI

CARNA

CARMY

CARMIYA

CARMITA

CARMINA

CARMILINA

CARMIE

CARMIA

CARMENCITA

CARMEN

CARMELLA

CARMELITA

CARMELINA

CARMELI

CARMELA

CARMEL

CARMEA

CARMANIA

CARMA

CARLY

CARLOTTA

CARLOTA

CARLITA

CARLING

CARLINE

CARLIN

CARLIE

CARLEY

CARLENE

CARLEN

CARLEIGH

CARLEE

CARLANA

CARLA

CARITA

CARISSA

CARISA

CARINE

CARINA

CARIN

CARILLA

CARI

CARESSE

CAREN

CARA

CAPRICE

CAPRI

CAPARINA

CANTARA

CANDY

CANDUCHA

CANDRA

CANDITA

CANDIS

CANDIE

CANDIDA

CANDICE

CANDI

CANDELARIA

CANDEE

CANDACE

CANAEDEA

CAMMY

CAMMIE

CAMILLE

CAMILLA

CAMILA

CAMI

CAMELLA

CAMELIA

CALUMINA

CALTHA

CALLISTA

CALLIRRHOE

CALLIGENIA

CALLIFAE

CALLIE

CALLI

CALLE

CALLA

CALIOPA

CALIDA

CALEIGH

CALEDONIA

CALANTHA

CALANDRA

CAITRIONA

CAITRIA

CAITLIN

CAITIR

CAIT

CAIRISTIONA

CAINWEN

CAIMILE

CAI

CADI

CACILIA

CACI

CACHAY

CABALINA

BYHALIA

BUTHAYNA

BUSEJE

BUNNY

BUNMI

BUFFY

BUA

BRYONY

BRYNHILD

BRYLIEVA

BRYGID

BRUNHILDE

BRUNETTE

BRUNELLA

BRUNA

BRONWEN

BRONISLAVA

BRITTIAN

BRITTANY

BRITTA

BRITNEY

BRITES

BRISEIS

BRIGITTE

BRIGIDA

BRIGHID

BRIGANTIA

BRIEANNA

BRIDGET

BRIDE

BRIANNE

BRIANNA

BRIANN

BRIANA

BRETISLAVA

BRENNA

BRENDA

BREEDA

BRANWEN

BRANDY

BRANDI

BRANDE

BRAELYN

BOZIDARA

BOUPHA

BORGNY

BORBALA

BONNIE

BONITA

BONG-CHA

BONA

BOLESLAWA

BOLANILE

BOLADE

BOINAIV

BOHDANA

BOGUSLAWA

BOGUMILA

BOGDANA

BODIL

BOBO

BOBINA

BOBBIE

BOADICEA

BLYTHE

BLOSSOM

BLODWEN

BLISS

BLATHNAID

BLATH

BLANKA

BLANCHE

BLANCA

BLAIR

BLAHE

BJORK

BITHYNIA

BITHIAH

BIRIGITA

BIRGITTA

BIRGIT

BIRDIE

BIRA

BIONDA

BINYAMINA

BINALI

BINA

BILLIE JO

BILHAH

BIDINA

BIDELIA

BICH

BIBIANE

BIBI

BIANCA

BHUMIKA

BHUMA

BHICTORIA

BHAVIKA

BHARATI

BHANUMATI

BHAMINI

BEVIN

BEVERLYN

BEVERLY

BEVERLEY

BEV

BEULAH

BETYA

BETULAH

BETULA

BETUEL

BETTY

BETTINA

BETSY

BETSABE

BETRYS

BETHEL

BETHANY

BETHAN

BETH

BETA

BET

BESSIE

BESS

BERYL

BERUCHIYA

BERTHE

BERTHA

BERTA

BERRIN

BERNITA

BERNICE

BERNEEN

BERNARDINE

BERNADETTE

BERETA

BERENT

BERENIKE

BERENICE

BERENADETA

BERECYNTIA

BERDINE

BERACHAH

BENTE

BENITA

BENIGNA

BENEDYKTA

BENEDIKTA

BENEDETTA

BELVA

BELLE

BELLA

BELINDA

BELIAROSA

BELIA

BELA

BEJIDE

BEITIRIS

BEITIDH

BEEJA

BEDRISKA

BEDELIA

BECKY

BECKI

BECHIRA

BECCA

BEBHINN

BEATRIX

BEATRISSA

BEATRICE

BEATHAG

BEATHA

BEATE

BEATARISA

BEATA

BEARNAS

BEA

BAYO

BATZRA

BATYA

BATINI

BATHSHUA

BATHSHEBA

BATHILDA

BATESEBA

BAT

BASTIENNE

BASMA

BASIMA

BASILA

BASHIYRA

BARRAN

BARKAIT

BARIKA

BARI

BARBRO

BARBORA

BARBIE

BARBARA

BAPTISTE

BAPTISTA

BANO

BANITA

BANHI

BANAN

BAMBINA

BAMBI

BALINKA

BALBINA

BAKURA

BAKUL

BAKARA

BAIRBRE

BAHIRA

BAHIJA

BAHATI

BAHAAR

BADRIYYAH

BADERINWA

BACHIKO

BACALL

BABA

BAAKO

AZUCENA

AZUBA

AZIZA

AZARIA

AYUMI

AYOOLA

AYOLUWA

AYOKA

AYOFEMI

AYODELE

AYOBUNMI

AYESHA

AYELET

AYAMEKO

AYAKO

AYAH

AVRA

AVILA

AVIA

AVEZA

AVELINE

AVANI

AVA

AURORE

AURORA

AURELIA

AURE

AURA

AUINA

AUGUSTEEN

AUGUSTA

AUGUSETA

AUDRA

AUDERE

AUDE

AUBREY

ATHENA

ATHANASIA

ATHALIA

ATARAH

ATALANTE

ASYA

ASTRITHR

ASTRID

ASTRA

ASTER

ASTAROTH

ASTA

ASSUNTA

ASSUMPTA

ASPASIA

ASMEE

ASMA

ASISYA

ASHURA

ASHNI

ASHLING

ASHA

ASENATH

ASENATA

ASCELINE

ASAKO

ASABI

ARUNIKA

ARUNA

ARTIA

ARTEMISIA

ARLIE

ARLENE

ARIELLE

ARIEH

ARIANNE

ARIANNA

ARIANE

ARIADNE

ARIA

ARETHA

ARETE

ARANA

ARAN

ARADHANA

ARACELIS

ARABELLA

ARA

APSARA

APPLE

APPHIA

APOLLONIA

APOLLINE

APHRODITE

APHRAEL

APERILA

AOLANI

AOI

ANYA

ANUSHEELA

ANURA

ANULI

ANUHEA

ANUERIN

ANTONIA

ANTONELLA

ANTOINETTE

ANTJE

ANTHEIA

ANTHEA

ANSELMA

ANNUNZIATA

ANNMARIE

ANNITTA

ANNIS

ANNIE

ANNICK

ANNETTE

ANNESSA

ANNEMARIE

ANNELLA

ANNELI

ANNE

ANNALISA

ANNALIESE

ANNALEE

ANNABETH

ANNABELLE

ANNABEL

ANNA

ANN

ANKE

ANITARA

ANITA

ANISHA

ANISE

ANIMA

ANILA

ANIKO

ANIKE

ANIANA

ANIA

ANI

ANGèLE

ANGYALKA

ANGIE

ANGELIQUE

ANGELINA

ANGELIKI

ANGELIKA

ANGELICA

ANGELE

ANGELA

ANGEL

ANGANAA

ANEZKA

ANEMONE

ANELA

ANDROMEDE

ANDROMEDA

ANDRINE

ANDRIANA

ANDRIA

ANDREA

ANDRA

ANDELA

ANATONIA

ANATOLIA

ANATASIA

ANASTAZIE

ANASTASIA

ANALISE

ANALA

ANAIS

ANADARIA

ANA

AMY-SUE

AMY

AMPARO

AMOLI

AMITY

AMISHA

AMIRA

AMINAH

AMINA

AMILEE

AMIELA

AMIDAH

AMICE

AMETHYST

AMELINA

AMELIA

AMEE

AMBROSINA

AMBROSIA

AMBRE

AMBIKA

AMBERLEE

AMBER

AMARYLLIS

AMARJAA

AMARIAH

AMARANTH

AMARANTE

AMANDA

AMANA

AMALIA

AMALA

AMADI

AMA

ALZBETA

ALYSSA

ALYSON

ALYSEN

ALUNA

ALTHENA

ALTHEA

ALTHAIA

ALPHA

ALONA

ALOKA

ALOISIA

ALOHILANI

ALOHANANI

ALOHALANI

ALMA

ALLYSON

ALLY

ALLISON

ALLIE

ALLEGRIA

ALLEGRA

ALLANNAH

ALKE

ALITZAH

ALISSA

ALISON

ALISHA

ALISA

ALINE

ALINDA

ALINA

ALILE

ALIDA

ALICIA

ALICE

ALFREDA

ALEXINE

ALEXIA

ALEXANDRIA

ALEXANDRA

ALEXA

ALETIA

ALETHEA

ALESSIA

ALESSANDRA

ALESSA

ALESA

ALENA

ALEMA

ALEKANEDERINA

ALEI

ALECX

ALEBETA

ALEASE

ALDORA

ALCINDA

ALBA

ALAULA

ALASTRIONA

ALASTRINA

ALANNIS

ALANNAH

ALANA

ALALA

ALAKE

ALAINA

ALABA

AKWOKWO

AKWETE

AKUA

AKOSUA

AKILINA

AKILAH

AKHILA

AKEMI

AKEAKAMAI

AKASUKI

AKANKE

AKAMAI

AKALA

AKAKO

AKAHELE

AKAHANA

AKA'ULA

AKA

AJEYA

AJALAA

AJA

AIYETORO

AISHA

AIRYN

AIRINA

AINGEAL

AINANANI

AINALANI

AINAKEA

AINA

AIMILIONA

AIMEE

AILIS

AILIANNA

AILEEN

AIKO

AIKATERINE

AIGNEIS

AIFRIC

AIDEEN

AHYANA

AHULANI

AHONUI

AHILYA

AHAVAH

AHALYA

AH-LAM

AGNIESZKA

AGNES

AGNELLA

AGHNA

AGENETI

AGATHE

AGATHA

AGATA

AGALIA

AFUA

AFRYEA

AFIYA

AFAFA

AESHA

AERIN

AEOLA

AEMILIA

AEGEA

ADZO

ADRIENNE

ADRIANNE

ADRIANNA

ADRIANA

ADRIA

ADOWA

ADORABLE

ADORA

ADONIA

ADIRA

ADIEL

ADIA

ADHITA

ADHIKA

ADESINA

ADESIMBO

ADEOLA

ADELINE

ADELINA

ADELEKE

ADELE

ADELAIDA

ADELA

ADEDAGBO

ADEBOLA

ADDY

ADDOLORATA

ADDIEL

ADARA

ADAMMA

ADALINE

ADALINA

ADALHEID

ADALGISA

ADAH

ADA

ACHSAH

ACHAVA

ACHALA

ACENITH

ACANTHA

ACACIA

ABIONA

ABIMBOLA

ABILENE

ABIKANILE

ABIHAIL

ABIGAYIL

ABIGAIL

ABIELA

ABIDEMI

ABICHAYIL

ABHA

ABEO

ABENI

ABENA

ABELIA

ABEKE

ABEJE

ABEGAILA

ABEBI

ABBY

ABBIE

ABBEY

ABAYOMI

ABANA

ABAIGEAL

ABAGBE

ABABUO

ABA

AALIYAH

