KHLOE

KHATIJAH

KHARA

KHAPKHAPONIMI

KHALILA

KHALIDA

KHADIJA

KEZIA

KEWANEE

KETZIAH

KETZIA

KETURAH

KETINA

KETIFA

KESSIE

KESSEM

KESIA

KESI

KESHIA

KESHET

KESAVA

KES

KERSTIN

KERRIE

KERRI

KERI

KERENSA

KEREN

KEREM

KERANI

KEOLAKUPAIANAHA

KEOLA

KEOHI

KENNA

KENIA

KENDRA

KELSI

KELLIE

KELLEY

KELILA

KELIA

KELETINA

KELEKA

KELDA

KELALANI

KEKILIA

KEKE

KEISHA

KEILAH

KEIKIKALANI

KEIKI

KEI

KEHINDE

KEHACHIWINGA

KEFIRA

KEEZHEEKONI

KEELYNN

KEELIN

KEELEY

KEEHABAH

KEEAOLA

KEDMA

KEALOHA

KEALANI

KEAHDINEKEAH

KEA

KE'ALOHI

KAZUYO

KAZIMIERA

KAYLYNN

KAYLEY

KAYLEIGH

KAYLEEN

KAYLA

KAYA

KAY

KAWENA'ULA

KAWENA

KAWAIMOMONA

KAWA

KAVINDRA

KAVERI

KAUSALYA

KAULUWEHI

KAULANA

KAU-AU-OINTY

KATYAYANI

KATYA

KATURA

KATRYA

KATRINA

KATREN

KATLA

KATJA

KATINA

KATIE

KATHY

KATHRYN

KATHLEEN

KATHIE

KATHERINE

KATHE

KATHARINA

KATH

KATERINA

KATELIN

KATE

KATARZYNA

KATARINA

KATANIYA

KATA

KAT

KASTURBA

KASSIA

KASSANDRA

KASOTA

KASINDA

KASIENKA

KASI

KASA

KARUNA

KARREN

KARPURA

KAROLYN

KAROLINE

KAROLINA

KAROLAINA

KAROLA

KARNEETSA

KARMITI

KARMIL

KARMA

KARLY

KARLOTTA

KARLI

KARLENE

KARLA

KARINA

KARIN

KARENA

KAREN

KARAYAN

KARAS

KARA

KAPUA'ULA

KAPUA

KAPONIANANI

KAORI

KANYA

KANTIMATI

KANTI

KANTA

KANOA

KANNITHA

KANJANAA

KANIQUA

KANIKA

KANESTIE

KANEESHA

KANDI

KANARA

KANANI

KAMOANA

KAMLA

KAMILLA

KAMIKA

KAMELIA

KAMELI

KAMEKO

KAMATA

KAMARIA

KAMANIYA

KAMANIKA

KAMALIKA

KAMALA

KALYSTA

KALYCA

KALYANI

KALUWA

KALPANA

KALOTE

KALOTA

KALONICE

KALOLA

KALLOLE

KALLIYAN

KALLISTO

KALLIROE

KALLIOPE

KALLIE

KALITA

KALISKA

KALIONA

KALINO

KALINI

KALINDA

KALINA

KALILINOE

KALILEA

KALILA

KALIKA

KALIGENIA

KALIDAS

KALI

KALAUDINA

KALAUDIA

KALANI

KALANA

KALAMELA

KALAMA

KALALIKA

KALALA

KAKRA

KAKIELEKEA

KAKALINA

KAJSA

KAIYA

KAITLIN

KAITCHKMA-WINEMA

KAIMALIE

KAILYN

KAILI

KAILASH

KAIA

KAHOKU

KAHLUA

KAGISO

KAGAMI

KAETHE

KAEMOXMITH

KAELYN

KADIAH

KACIA

KACHINA

KAAT

KAASU

KAANAN

KAAMILEE

KA'AONA

K'SEA

JYOTSNA

JYOTSANA

JYOTI

JYLLIAN

JUTTA

JUSTYNA

JUSTINE

JUSTINA

JUNIPER

JUNIA

JUNE

JUN

JUMOKE

JUMAPILI

JUMANA

JULJANA

JULIETTE

JULIETA

JULIET

JULIENNE

JULIE

JULIANNE

JULIANNA

JULIANJA

JULIANA

JULIA

JULI

JUHI

JUDYTA

JUDY

JUDITH

JUDITA

JUDIT

JUBILEE

JUANITA

JUANA

JOZSEFA

JOZEFINA

JOZEFA

JOYOUS

JOYITA

JOYCE

JOY

JOWANDA

JOSSELYN

JOSS

JOSIE

JOSEPHINE

JOSEPHINA

JOSEPHA

JOSEFA

JOSEE

JORIE

JORDIE

JORDANA

JOQUINA

JONOVA

JONNA

JONIE

JOLINE

JOLETTA

JOLENE

JOLEEN

JOLANTA

JOLANDA

JOLAN

JOHNA

JOHANNA

JOHANA

JOETTA

JOELLE

JODIE

JODI

JODHA

JOCELYN

JOCELINE

JOCASTA

JOANNE

JOANNA

JOAN

JIVANTA

JIRINA

JINNY

JINNAT

JINELLE

JINDRISKA

JINAN

JIN-KYONG

JILLIAN

JILL

JIJABAI

JIA

JEZREEL

JEZEBEL

JEWEL

JETTY

JETTE

JETTA

JETHRA

JESSICA

JESSAMINE

JESSA

JERUSHAH

JERUSHA

JERRILYNN

JERRI

JENSINE

JENNY

JENNIFER

JENNIE

JENNI

JENNA

JENINE

JENIFARI

JENESSA

JENELLE

JENDAYI

JENA

JEN

JEMSA

JEMMA

JEMINA

JEMIMAH

JEMIMA

JELLYBEAN

JELENA

JEKATERINA

JEINA

JECOLIAH

JEANNINE

JEANNIE

JEANNE

JEANINE

JEANIE

JEANETTE

JEANA

JAZMIN

JAYVANTI

JAYTI

JAYNE

JAYNA

JAYMA

JAYLENE

JAYASHREE

JAYANTI

JAYAMALA

JAYA

JAWAHIR

JAUSTIN

JATHIBIYYA

JASWINDER

JASSAMYN

JASMINE

JASMIN

JAROSLAVA

JARNSAXA

JARMILA

JARKA

JARITA

JAPHET

JAPERA

JANY

JANOAH

JANNIKE

JANNE

JANNAH

JANNA

JANITA

JANIS

JANINE

JANINA

JANILENY

JANIKAA

JANIE

JANICE

JANEY

JANET

JANELLE

JANEL

JANE

JANAN

JANAKI

JANAE

JANA

JAMILLA

JAMILA

JAMIKA

JAMESINA

JAMAY

JALITAA

JALINI

JALINDA

JALILA

JALEESA

JALEEN

JALANEELI

JALAJAA

JALA '

JAKOVA

JAIN

JAI

JAHA

JAE-HWA

JADWIGA

JADELLA

JADELIA

JADE

JADA

JACYNTH

JACQUI

JACQUELINE

JACOBA

JACLYN

JACKELYN

JACKELINE

JACINTHE

JACINTE

JACINTA

JACINDA

JACARANDA

JACALYN

JAAMINI

JANHEA

IZEGBE

IZDIHAR

IZABELLA

IZABEL

IZA

IWONA

IWILLA

IWALANI

IWA

IVY

IVRIA

IVONNE

IVEY-LYNN

IVEREM

IVELISSE

IVANA

IUSITINA

IUNE

IULIANA

IULIA

IULALIA

IUILE

IUGINIA

IUDITA

IUANA

ITUHA

ITINSA

ITIAH

ISRA

ISOLDE

ISOKE

ISMENE

ISMAT

ISLA

ISIS

ISIDORA

ISIBEAL

ISHIKO

ISHI

ISHANA

ISHA

ISEULT

ISEABAIL

ISAURA

ISAMU

ISADORA

ISABELLE

ISABELITA

ISABEL

ISABEAU

ISA

IRMA

IRISA

IRIS

IRINA

IRENEE

IRENE

IRENA

IPHIGENEIA

IOSEPINE

IONIA

IONE

IONA

IOLANTHE

IOLANDA

IOLANA

IOLA

IOKE

IOANNA

IO'ANA

IO

INOA

INNY

INIS

INGRID

INGEGERD

INGEBORG

INGE

INGA

INEZ

INETTE

INESSA

INES

INE

INDRAYANI

INDRANEE

INDRA

INDIRA

INAYA

INAS

INANNA

INA

IN'AM

IMOGENE

IMOGEN

IMMACOLATA

IMMA

IMEN

IMELDA

IMAN

IMALA

IMAKO

IMAGINA

IMAE

IMA

ILVIRA

ILSE

ILSA

ILONA

ILKA

ILIA

ILESHA

ILENE

ILEANA

ILARIA

ILANA

ILA

IKUSEGHAN

IKUKO

IKU

IHSAN

IFIGENIA

IFETAYO

IFE

IFAMA

IENIPA

IEDA

IDRIYA

IDRIS

IDRA

IDOWU

IDONY

IDONIA

IDONEA

IDONA

IDOLINA

IDETTE

IDESTA

IDES

IDELLE

IDALINA

IDALIA

IDAA

IDA

ICHCHANI

IBTISAM

IBTIHAJ

IBBY

IANTHE

IANTHA

IANETE

I'TIDAL

HYUNWOO

HYUN-OK

HYUN-AE

HYPATIA

HYOUN

HYO-SONN

HYACINTHE

HYACINTH

HWA-YOUNG

HUYNH

HUYANA

HUSNIYA

HUSN

HURRIYYAH

HUONG

HUMITA

HULUAVA

HULDA

HUI-FANG

HUGUETTE

HUGHINA

HUETTE

HUE

HUDA

HUBERTA

HUATA

HUALI

HUA

HOSHIYO

HOSHIKO

HOSHI

HORTENSIA

HORTENSE

HORTENCIA

HORACIA

HOPE

HONOVI

HONOUR

HONORIA

HONORATA

HONEY

HONEKAKALA

HOLOMAKANI

HOLLY

HOLLIE

HOLA

HOKULANI

HOKUAONANI

HOKUAO

HOKU'ALOHI

HOALOHANANI

HOALOHALANI

HOAKA

HOA

HO-SOOK

HO'OLANA

HLIN

HJORDIS

HIWAHIWAKEIKI

HIVA

HISOLDA

HISAYO

HISANO

HISAKO

HISAE

HISA

HIROKO

HIRENA

HIRAL

HIPAKEIKI

HINDA

HIND

HIMANI

HILLEVI

HILLARY

HILDEGARD

HILDA

HILARY

HILARIA

HILALIA

HIKULEO

HIKMAT

HIERONYMUS

HIDEYO

HIDE

HIBA

HIAWASSEE

HIALEAH

HESTHER

HESTER

HESPER

HERSILIA

HERMIONE

HERMINE

HERMINA

HERMIA

HERLINDIS

HERA

HEPHZIBAH

HENRYKA

HENRIQUETA

HENRIKE

HENRIETTA

HENDRIKA

HEMBADOON

HEMALI

HELOISE

HELMINE

HELIA

HELGE

HELGA

HELENE

HELENA

HELEN

HELANA

HELAINE

HELAH

HEIKE

HEIDRUN

HEIDI

HEIDE

HEE-YOUNG

HEDWIGA

HEDWIG

HEDVIKA

HEDVIGA

HEDVIG

HEDIAH

HEDIA

HEDDA

HEDA

HEBE

HEATHER

HAZEL

HAYLEY

HAYFA

HAYAT

HAYA

HAWA

HAVA

HAUNANI

HAULANI

HAUKEA

HAU'OLI

HATTIE

HATSU

HATHOR

HATEYA

HASNA

HASINA

HASIKA

HASANATI

HASANA

HARUMI

HARUKO

HARUE

HARU

HARSHIKA

HARSHIDA

HARSHA

HARRIETTA

HARRIET

HARMONY

HARMONIA

HARITA

HARIATA

HARALDA

HAQIKAH

HANTAYWEE

HANSINE

HANSILA

HANSIKA

HANSA

HANNAH

HANNA

HANKA

HANIYYA

HANITA

HANIFA

HANH

HANG

HANAKO

HANAE

HANAA

HANA

HAMIDA

HAMAKO

HAMA

HALONA

HALOLANI

HALLIE

HALLEY

HALINA

HALIMA

HALEY

HALEIGH

HALEAKUA

HALDIS

HALCYONE

HALCYON

HALAPUA

HALA

HAKUMELE

HAJNAL

HAJNA

HAJAR

HAIWEE

HAIMI

HAIDI

HAIDEE

HAGNE

HAGIA

HAGAN

HAFSAH

HAEMI

HAE-WON

HADYA

HADLEY

HADIYA

HADI

HADASSAH

HACHI

HABIBAH

HABIBA

HA'IKU

GYöRGYI

GYPSY

GYORGYI

GYANDA

GWYNETH

GWENYTH

GWENOLA

GWENLLIAN

GWENHWYFAR

GWENFREWI

GWENETH

GWENEAL

GWENDOLYN

GWENDOLINE

GWENDOLEN

GWENDA

GWEN

GUSTAVA

GUNNHILD

GUNILLA

GUNDULA

GUNDA

GULL

GULIELMA

GUINEVERE

GUILLERMINA

GUILLELMINA

GUILHERMMA

GUDRUN

GUADALUPE

GRáINNE

GRISELDA

GRIET

GRETEL

GRETE

GRETCHEN

GRETA

GRESSA

GRAZYNA

GRAZIELLA

GRAZIA

GRATIA

GRANIA

GRAINNE

GRACJA

GRACIELA

GRACIE

GRACE

GOZALA

GOYA

GOSLING

GOLORIA

GOLDINA

GOLDIE

GOLDARINA

GOLDA

GOITSEMEDIME

GODIVA

GODELIVA

GOBNATA

GOBNAIT

GLYNN

GLYNIS

GLORY

GLORIANA

GLORIA

GLENYS

GLENNETTE

GLENNA

GLENDA

GLADYS

GLADIOLA

GLADI

GJUZEL

GIZEM

GIZELLA

GIVOLA

GIUSTINA

GIUSEPPINA

GIULIETTA

GIULIA

GIUDITTA

GITIKA

GITEL

GITANJALI

GITANA

GITA

GISLAUG

GISELLE

GISELA

GISA

GIOVANNA

GIOCONDA

GINNY

GINNIE

GINNEH

GINGER

GINEVRA

GINELLE

GINA

GIN

GIMRA

GILLIAN

GILIAH

GILDA

GILBERTINA

GILBERTA

GILANAH

GILADAH

GILADA

GIGI

GIBORAH

GIANNA

GIANINA

GIACINTA

GIA

GHUFRAN

GHITA

GHISLAINE

GHISLAIN

GHALIYA

GEVIRAH

GEVA

GERUSHAH

GERTRUIDA

GERTRUDES

GERTRUDE

GERTRUDA

GERTRUD

GERTRAUD

GERTA

GERSEMI

GERLINDE

GERI

GERDA

GERD

GERALYN

GERALDINE

GERALDA

GEORGINE

GEORGINA

GEORGIE

GEORGIANNA

GEORGIA

GEORGETTE

GEORGETA

GEORGEANNE

GEORGEANNA

GEONA

GEOGIANA

GENOVEVA

GENNISHEYO

GENISTA

GENEVRA

GENEVIEVE

GENESEE

GENEROSA

GENEA

GENAIDA

GENA

