Ceridwen
Ceres
Cerella
Cendrine
Celvia
Cella
Celinee
Celine
Celinde
Celinda
Celina
Celie
Celia
Celestyna
Celestyn
Celestine
Celestina
Celeste
Celesta
Celene
Celena
Cele
Celandine
Celadonia
Ceiteag
Ceit
Cecina
Cecily
Cecilie
Cecilia
Cecile
Cecelia
Ceccarella
Cecca
Ceara
Cayoya
Caye
Cavanna
Catriona
Catrina
Catrin
Catrena
Catlin
Catlee
Catie
Cathy
Cathwg
Cathweg
Cathryn
Cathlin
Cathleen
Cathie
Catherine
Catharine
Catharina
Cath
Caterina
Cate
Catava
Catarina
Catalina
Cat
Castalia
Cassie
Cassia
Cassarah
Cassandre
Cassandra
Casiphia
Carys
Caryl
Carsten
Carry
Carrola
Carrol
Carrie
Caroon
Caron
Carolyn
Caroline
Carolina
Caroliana
Carola
Carol
Caro
Carny
Carniela
Carnia
Carni
Carna
Carmy
Carmiya
Carmita
Carmina
Carmilina
Carmie
Carmia
Carmencita
Carmen
Carmella
Carmelita
Carmelina
Carmeli
Carmela
Carmel
Carmea
Carmania
Carma
Carly
Carlotta
Carlota
Carlita
Carling
Carline
Carlin
Carlie
Carley
Carlene
Carlen
Carleigh
Carlee
Carlana
Carla
Carita
Carissa
Carisa
Carine
Carina
Carin
Carilla
Cari
Caresse
Caren
Cara
Caprice
Capri
Caparina
Cantara
Candy
Canducha
Candra
Candita
Candis
Candie
Candida
Candice
Candi
Candelaria
Candee
Candace
Canaedea
Cammy
Cammie
Camille
Camilla
Camila
Cami
Camella
Camelia
Calumina
Caltha
Callista
Callirrhoe
Calligenia
Callifae
Callie
Calli
Calle
Calla
Caliopa
Calida
Caleigh
Caledonia
Calantha
Calandra
Caitriona
Caitria
Caitlin
Caitir
Cait
Cairistiona
Cainwen
Caimile
Cai
Cadi
Cacilia
Caci
Cachay
Cabalina
Byhalia
Buthayna
Buseje
Bunny
Bunmi
Buffy
Bua
Bryony
Brynhild
Brylieva
Brygid
Brunhilde
Brunette
Brunella
Bruna
Bronwen
Bronislava
Brittian
Brittany
Britta
Britney
Brites
Briseis
Brigitte
Brigida
Brighid
Brigantia
Brieanna
Bridget
Bride
Brianne
Brianna
Briann
Briana
Bretislava
Brenna
Brenda
Breeda
Branwen
Brandy
Brandi
Brande
Braelyn
Bozidara
Boupha
Borgny
Borbala
Bonnie
Bonita
Bong - Cha
Bona
Boleslawa
Bolanile
Bolade
Boinaiv
Bohdana
Boguslawa
Bogumila
Bogdana
Bodil
Bobo
Bobina
Bobbie
Boadicea
Blythe
Blossom
Blodwen
Bliss
Blathnaid
Blath
Blanka
Blanche
Blanca
Blair
Blahe
Bjork
Bithynia
Bithiah
Birigita
Birgitta
Birgit
Birdie
Bira
Bionda
Binyamina
Binali
Bina
Billie Jo
Bilhah
Bidina
Bidelia
Bich
Bibiane
Bibi
Bianca
Bhumika
Bhuma
Bhictoria
Bhavika
Bharati
Bhanumati
Bhamini
Bevin
Beverlyn
Beverly
Beverley
Bev
Beulah
Betya
Betulah
Betula
Betuel
Betty
Bettina
Betsy
Betsabe
Betrys
Bethel
Bethany
Bethan
Beth
Beta
Bet
Bessie
Bess
Beryl
Beruchiya
Berthe
Bertha
Berta
Berrin
Bernita
Bernice
Berneen
Bernardine
Bernadette
Bereta
Berent
Berenike
Berenice
Berenadeta
Berecyntia
Berdine
Berachah
Bente
Benita
Benigna
Benedykta
Benedikta
Benedetta
Belva
Belle
Bella
Belinda
Beliarosa
Belia
Bela
Bejide
Beitiris
Beitidh
Beeja
Bedriska
Bedelia
Becky
Becki
Bechira
Becca
Bebhinn
Beatrix
Beatrissa
Beatrice
Beathag
Beatha
Beate
Beatarisa
Beata
Bearnas
Bea
Bayo
Batzra
Batya
Batini
Bathshua
Bathsheba
Bathilda
Bateseba
Bat
Bastienne
Basma
Basima
Basila
Bashiyra
Barran
Barkait
Barika
Bari
Barbro
Barbora
Barbie
Barbara
Baptiste
Baptista
Bano
Banita
Banhi
Banan
Bambina
Bambi
Balinka
Balbina
Bakura
Bakul
Bakara
Bairbre
Bahira
Bahija
Bahati
Bahaar
Badriyyah
Baderinwa
Bachiko
Bacall
Baba
Baako
Azucena
Azuba
Aziza
Azaria
Ayumi
Ayoola
Ayoluwa
Ayoka
Ayofemi
Ayodele
Ayobunmi
Ayesha
Ayelet
Ayameko
Ayako
Ayah
Avra
Avila
Avia
Aveza
Aveline
Avani
Ava
Aurore
Aurora
Aurelia
Aure
Aura
Auina
Augusteen
Augusta
Auguseta
Audra
Audere
Aude
Aubrey
Athena
Athanasia
Athalia
Atarah
Atalante
Asya
Astrithr
Astrid
Astra
Aster
Astaroth
Asta
Assunta
Assumpta
Aspasia
Asmee
Asma
Asisya
Ashura
Ashni
Ashling
Asha
Asenath
Asenata
Asceline
Asako
Asabi
Arunika
Aruna
Artia
Artemisia
Arlie
Arlene
Arielle
Arieh
Arianne
Arianna
Ariane
Ariadne
Aria
Aretha
Arete
Arana
Aran
Aradhana
Aracelis
Arabella
Ara
Apsara
April
Apple
Apphia
Apollonia
Apolline
Aphrodite
Aphrael
Aperila
Aolani
Aoi
Anya
Anusheela
Anura
Anuli
Anuhea
Anuerin
Antonia
Antonella
Antoinette
Antje
Antheia
Anthea
Anselma
Annunziata
Annmarie
Annitta
Annis
Annie
Annick
Annette
Annessa
Annemarie
Annella
Anneli
Anne
Annalisa
Annaliese
Annalee
Annabeth
Annabelle
Annabel
Anna
Ann
Anke
Anitara
Anita
Anisha
Anise
Anima
Anila
Aniko
Anike
Aniana
Ania
Ani
Angèle
Angyalka
Angie
Angelique
Angelina
Angeliki
Angelika
Angelica
Angele
Angela
Angel
Anganaa
Anezka
Anemone
Anela
Andromede
Andromeda
Andrine
Andriana
Andria
Andrea
Andra
Andela
Anatonia
Anatolia
Anatasia
Anastazie
Anastasia
Analise
Anala
Anais
Anadaria
Ana
Amy - Sue
Amy
Amparo
Amoli
Amity
Amisha
Amira
Aminah
Amina
Amilee
Amiela
Amidah
Amice
Amethyst
Amelina
Amelia
Amee
Ambrosina
Ambrosia
Ambre
Ambika
Amberlee
Amber
Amaryllis
Amarjaa
Amariah
Amaranth
Amarante
Amanda
Amana
Amalia
Amala
Amadi
Ama
Alzbeta
Alyssa
Alyson
Alysen
Aluna
Althena
Althea
Althaia
Alpha
Alona
Aloka
Aloisia
Alohilani
Alohanani
Alohalani
Alma
Allyson
Ally
Allison
Allie
Allegria
Allegra
Allannah
Alke
Alitzah
Alissa
Alison
Alisha
Alisa
Aline
Alinda
Alina
Alile
Alida
Alicia
Alice
Alfreda
Alexine
Alexia
Alexandria
Alexandra
Alexa
Aletia
Alethea
Alessia
Alessandra
Alessa
Alesa
Alena
Alema
Alekanederina
Alei
Alecx
Alebeta
Alease
Aldora
Alcinda
Alba
Alaula
Alastriona
Alastrina
Alannis
Alannah
Alana
Alala
Alake
Alaina
Alaba
Akwokwo
Akwete
Akua
Akosua
Akilina
Akilah
Akhila
Akemi
Akeakamai
Akasuki
Akanke
Akamai
Akala
Akako
Akahele
Akahana
Aka ' ula
Aka
Ajeya
Ajalaa
Aja
Aiyetoro
Aisha
Airyn
Airina
Aingeal
Ainanani
Ainalani
Ainakea
Aina
Aimiliona
Aimee
Ailis
Ailianna
Aileen
Aiko
Aikaterine
Aigneis
Aifric
Aideen
Ahyana
Ahulani
Ahonui
Ahilya
Ahavah
Ahalya
Ah - lam
Agnieszka
Agnes
Agnella
Aghna
Ageneti
Agathe
Agatha
Agata
Agalia
Afua
Afryea
Afiya
Afafa
Aesha
Aerin
Aeola
Aemilia
Aegea
Adzo
Adrienne
Adrianne
Adrianna
Adriana
Adria
Adowa
Adorable
Adora
Adonia
Adira
Adiel
Adia
Adhita
Adhika
Adesina
Adesimbo
Adeola
Adeline
Adelina
Adeleke
Adele
Adelaida
Adela
Adedagbo
Adebola
Addy
Addolorata
Addiel
Adara
Adamma
Adaline
Adalina
Adalheid
Adalgisa
Adah
Ada
Achsah
Achava
Achala
Acenith
Acantha
Acacia
Abiona
Abimbola
Abilene
Abikanile
Abihail
Abigayil
Abigail
Abiela
Abidemi
Abichayil
Abha
Abeo
Abeni
Abena
Abelia
Abeke
Abeje
Abegaila
Abebi
Abby
Abbie
Abbey
Abayomi
Abana
Abaigeal
Abagbe
Ababuo
Aba
Aaliyah
