the Northeast
the Far East
Western Europe
Europe de l'Est
Europe de l'Ouest
Côte Ouest
Côte Est
West Europe
West Coast
Wake Island
Virgin Islands
Turks and Caicos Islands
Tromelin Island
Svalbard
Spratly Islands
Spitsbergen
South East Asia
South America
Solomon Islands
Silicon Valley
Pitcairn Islands
Paracel Islands
Pacific Basin
Bassin Pacifique
Northern Mariana Islands
North America
Amérique du Nord
Amérique de Sud
Norfolk Island
New England
Navassa Island
Midwest
Midway Islands
Middle East
Mediterranean
Meditéranéen
Marshall Islands
Juan de Nova Island
Jarvis Island
Howland Island
Hispaniola
Heard and McDonald Islands
Gulf Coast
Glorioso Islands
Gilbert and Ellice Islands
Faroe Islands
Falkland Islands
Europe
Europa Island
Eastern Europe
East Asia
Coral Sea Islands
Cook Island
Cocos Islands
Clipperton Island
Christmas Island
Cayman Islands
British Virgin Islands
Bouvet Island
Bay of Pigs
Bay Area
Balkans
Baker Island
Atlantic Coast
Asia
Asie
Ashmore and Cartier Islands
Antarctica
Africa
Afrique
