Street
Road
Avenue
Crescent
Boulevard
Lane
Row
Way
St
Str
Str .
Str.
Rd
Av
Ave
Cres
Boul
St.
Rd.
Av.
Ave.
Cres.
Boul.
St .
Rd .
Av .
Ave .
Cres .
Boul .
port
harbor
house
appartment
appartement
maison
hotel
airport
aéroport
Port
Harbor
House
Maison
Hotel
Airport
Aéroport
Restaurant
restaurant
Cinema
Cinéma
cinema
cinéma
Night Club
night club
Night-Club
night-club
Sports Club
sports club
Sports Center
sports center
Swimming Pool
swimming pool
Leisure Park
leisure park
Park d'attraction
park d'attraction
Piscine
piscine
Place
rue
Rue
fitness club
Fitness Club
Gym
gym
Gymnasium
gymnasium
gymnase
health farm
Health Farm
disco
discotek
discotheque
discothèque
Disco
Discotek
Discotheque
Discothèque
