Yugo
Volvo
Volkswagen
Vauxhall
UMM
U.M.M.
U. M. M.
U . M . M .
Toyota
Tata
Suzuki
Subaru
Steyr
Skoda
Seddon Atkinson
Seat
Scania
Rover
RenaultVI
Renault
Reliant
Peugeot Talbot
Nissan
Mitsubishi
Mercedes Benz
Mazda
Man
Mahindra
Leyland DAF
Land Rover
Lada
Kia
Iveco Ford
Iveco
Isuzu
Hyundai
Honda
Hino
FSO
Freight Rover
Freight - Rover
Freight-Rover
Ford Iveco
Ford
Foden
Fiat
F.S.O.
F. S. O.
F . S . O .
ERF
Daihatsu
DAF
Dacia
D.A.F.
D. A. F.
D . A . F .
Citroen
Bedford
AWD
A.W.D.
A. W. D.
A . W . D .
